<?xml version="1.0" encoding="UTF-8"?>
<testng-results skipped="0" failed="0" ignored="0" total="1" passed="1">
  <reporter-output>
  </reporter-output>
  <suite name="libreview" duration-ms="63221" started-at="2022-10-27T05:31:14Z" finished-at="2022-10-27T05:32:17Z">
    <groups>
    </groups>
    <test name="Test" duration-ms="63221" started-at="2022-10-27T05:31:14Z" finished-at="2022-10-27T05:32:17Z">
      <class name="Country_Language_Selection">
        <test-method status="PASS" signature="getdriver()[pri:0, instance:Country_Language_Selection@4d1b0d2a]" name="getdriver" is-config="true" duration-ms="27" started-at="2022-10-27T11:01:14Z" finished-at="2022-10-27T11:01:14Z">
          <reporter-output>
          </reporter-output>
        </test-method> <!-- getdriver -->
        <test-method status="PASS" signature="setDriver()[pri:0, instance:Country_Language_Selection@4d1b0d2a]" name="setDriver" is-config="true" duration-ms="15663" started-at="2022-10-27T11:01:14Z" finished-at="2022-10-27T11:01:30Z">
          <reporter-output>
          </reporter-output>
        </test-method> <!-- setDriver -->
        <test-method status="PASS" signature="select_Country_Language()[pri:0, instance:Country_Language_Selection@4d1b0d2a]" name="select_Country_Language" duration-ms="46186" started-at="2022-10-27T11:01:30Z" finished-at="2022-10-27T11:02:16Z">
          <reporter-output>
          </reporter-output>
        </test-method> <!-- select_Country_Language -->
        <test-method status="PASS" signature="CloseDriver()[pri:0, instance:Country_Language_Selection@4d1b0d2a]" name="CloseDriver" is-config="true" duration-ms="1310" started-at="2022-10-27T11:02:16Z" finished-at="2022-10-27T11:02:17Z">
          <reporter-output>
          </reporter-output>
        </test-method> <!-- CloseDriver -->
      </class> <!-- Country_Language_Selection -->
    </test> <!-- Test -->
  </suite> <!-- libreview -->
</testng-results>
